chemistryDroplets/build/outputs/logs/manifest-merger-debug-report.txt
-- Merging decision tree log ---
manifest
ADDED from src/main/AndroidManifest.xml:2:1-82:12
	package
		ADDED from src/main/AndroidManifest.xml:3:5-41
		INJECTED from src/main/AndroidManifest.xml
		INJECTED from src/main/AndroidManifest.xml
	android:versionName
		ADDED from src/main/AndroidManifest.xml:5:5-30
		INJECTED from src/main/AndroidManifest.xml
		INJECTED from src/main/AndroidManifest.xml
	android:versionCode
		ADDED from src/main/AndroidManifest.xml:4:5-28
		INJECTED from src/main/AndroidManifest.xml
		INJECTED from src/main/AndroidManifest.xml
	xmlns:android
		ADDED from src/main/AndroidManifest.xml:2:11-69
uses-sdk
ADDED from src/main/AndroidManifest.xml:7:5-9:41
MERGED from [ChemistryDroplets:openCVLibrary310:unspecified] AndroidManifest.xml:7:5-9:41
MERGED from [com.android.support:appcompat-v7:23.4.0] AndroidManifest.xml:21:5-23:78
MERGED from [com.android.support:animated-vector-drawable:23.4.0] AndroidManifest.xml:5:5-44
MERGED from [com.android.support:support-vector-drawable:23.4.0] AndroidManifest.xml:5:5-43
MERGED from [com.android.support:support-v4:23.4.0] AndroidManifest.xml:20:5-43
	tools:overrideLibrary
		ADDED from [com.android.support:appcompat-v7:23.4.0] AndroidManifest.xml:23:9-75
	android:targetSdkVersion
		ADDED from src/main/AndroidManifest.xml:9:9-38
		INJECTED from src/main/AndroidManifest.xml
		INJECTED from src/main/AndroidManifest.xml
	android:minSdkVersion
		ADDED from src/main/AndroidManifest.xml:8:9-35
		INJECTED from src/main/AndroidManifest.xml
		INJECTED from src/main/AndroidManifest.xml
uses-permission#android.permission.CAMERA
ADDED from src/main/AndroidManifest.xml:11:5-65
	android:name
		ADDED from src/main/AndroidManifest.xml:11:22-62
uses-feature#android.hardware.camera
ADDED from src/main/AndroidManifest.xml:13:5-15:36
	android:required
		ADDED from src/main/AndroidManifest.xml:15:9-33
	android:name
		ADDED from src/main/AndroidManifest.xml:14:9-47
uses-feature#android.hardware.camera.autofocus
ADDED from src/main/AndroidManifest.xml:16:5-18:36
	android:required
		ADDED from src/main/AndroidManifest.xml:18:9-33
	android:name
		ADDED from src/main/AndroidManifest.xml:17:9-57
uses-feature#android.hardware.camera.front
ADDED from src/main/AndroidManifest.xml:19:5-21:36
	android:required
		ADDED from src/main/AndroidManifest.xml:21:9-33
	android:name
		ADDED from src/main/AndroidManifest.xml:20:9-53
uses-feature#android.hardware.camera.front.autofocus
ADDED from src/main/AndroidManifest.xml:22:5-24:36
	android:required
		ADDED from src/main/AndroidManifest.xml:24:9-33
	android:name
		ADDED from src/main/AndroidManifest.xml:23:9-63
supports-screens
ADDED from src/main/AndroidManifest.xml:26:5-31:39
	android:largeScreens
		ADDED from src/main/AndroidManifest.xml:28:9-36
	android:smallScreens
		ADDED from src/main/AndroidManifest.xml:31:9-36
	android:normalScreens
		ADDED from src/main/AndroidManifest.xml:29:9-37
	android:resizeable
		ADDED from src/main/AndroidManifest.xml:30:9-34
	android:anyDensity
		ADDED from src/main/AndroidManifest.xml:27:9-34
uses-permission#android.permission.GET_ACCOUNTS
ADDED from src/main/AndroidManifest.xml:34:5-71
	android:name
		ADDED from src/main/AndroidManifest.xml:34:22-68
uses-permission#android.permission.READ_PROFILE
ADDED from src/main/AndroidManifest.xml:35:5-71
	android:name
		ADDED from src/main/AndroidManifest.xml:35:22-68
uses-permission#android.permission.READ_CONTACTS
ADDED from src/main/AndroidManifest.xml:36:5-72
	android:name
		ADDED from src/main/AndroidManifest.xml:36:22-69
uses-permission#android.permission.BLUETOOTH
ADDED from src/main/AndroidManifest.xml:37:5-68
	android:name
		ADDED from src/main/AndroidManifest.xml:37:22-65
uses-permission#android.permission.BLUETOOTH_ADMIN
ADDED from src/main/AndroidManifest.xml:38:5-74
	android:name
		ADDED from src/main/AndroidManifest.xml:38:22-71
uses-permission#android.permission.WRITE_EXTERNAL_STORAGE
ADDED from src/main/AndroidManifest.xml:40:5-81
	android:name
		ADDED from src/main/AndroidManifest.xml:40:22-78
uses-permission#android.permission.READ_PHONE_STATE
ADDED from src/main/AndroidManifest.xml:41:5-75
	android:name
		ADDED from src/main/AndroidManifest.xml:41:22-72
uses-permission#android.permission.READ_EXTERNAL_STORAGE
ADDED from src/main/AndroidManifest.xml:42:5-80
	android:name
		ADDED from src/main/AndroidManifest.xml:42:22-77
application
ADDED from src/main/AndroidManifest.xml:44:5-80:19
MERGED from [com.android.support:appcompat-v7:23.4.0] AndroidManifest.xml:25:5-20
MERGED from [com.android.support:animated-vector-drawable:23.4.0] AndroidManifest.xml:7:5-20
MERGED from [com.android.support:support-vector-drawable:23.4.0] AndroidManifest.xml:7:5-20
MERGED from [com.android.support:support-v4:23.4.0] AndroidManifest.xml:22:5-20
	android:screenOrientation
		ADDED from src/main/AndroidManifest.xml:50:9-46
	android:label
		ADDED from src/main/AndroidManifest.xml:49:9-41
	android:hardwareAccelerated
		ADDED from src/main/AndroidManifest.xml:47:9-43
	android:allowBackup
		ADDED from src/main/AndroidManifest.xml:46:9-35
	android:icon
		ADDED from src/main/AndroidManifest.xml:48:9-45
	android:theme
		ADDED from src/main/AndroidManifest.xml:51:9-67
	android:name
		ADDED from src/main/AndroidManifest.xml:45:9-60
activity#com.urop.chemistrydroplets.MainActivity
ADDED from src/main/AndroidManifest.xml:52:9-57:83
	android:screenOrientation
		ADDED from src/main/AndroidManifest.xml:56:13-50
	android:label
		ADDED from src/main/AndroidManifest.xml:55:13-45
	android:configChanges
		ADDED from src/main/AndroidManifest.xml:54:13-63
	android:theme
		ADDED from src/main/AndroidManifest.xml:57:13-71
	android:name
		ADDED from src/main/AndroidManifest.xml:53:13-41
activity#com.urop.chemistrydroplets.MainView
ADDED from src/main/AndroidManifest.xml:58:9-60:73
	android:label
		ADDED from src/main/AndroidManifest.xml:60:13-61
	android:name
		ADDED from src/main/AndroidManifest.xml:59:13-37
activity#com.urop.chemistrydroplets.SplashActivity
ADDED from src/main/AndroidManifest.xml:61:9-69:20
	android:theme
		ADDED from src/main/AndroidManifest.xml:63:13-47
	android:name
		ADDED from src/main/AndroidManifest.xml:62:13-43
intent-filter#android.intent.action.MAIN+android.intent.category.LAUNCHER
ADDED from src/main/AndroidManifest.xml:64:13-68:29
action#android.intent.action.MAIN
ADDED from src/main/AndroidManifest.xml:65:17-69
	android:name
		ADDED from src/main/AndroidManifest.xml:65:25-66
category#android.intent.category.LAUNCHER
ADDED from src/main/AndroidManifest.xml:67:17-77
	android:name
		ADDED from src/main/AndroidManifest.xml:67:27-74
activity#com.urop.chemistrydroplets.SelectionActivity
ADDED from src/main/AndroidManifest.xml:70:9-72:73
	android:label
		ADDED from src/main/AndroidManifest.xml:72:13-61
	android:name
		ADDED from src/main/AndroidManifest.xml:71:13-46
activity#com.urop.chemistrydroplets.BluetoothActivity
ADDED from src/main/AndroidManifest.xml:73:9-75:73
	android:label
		ADDED from src/main/AndroidManifest.xml:75:13-61
	android:name
		ADDED from src/main/AndroidManifest.xml:74:13-46
activity#com.urop.chemistrydroplets.DeviceListActivity
ADDED from src/main/AndroidManifest.xml:76:9-78:59
	android:theme
		ADDED from src/main/AndroidManifest.xml:77:13-51
	android:name
		ADDED from src/main/AndroidManifest.xml:78:13-47